2025-08-28 21:47:34,029 - sentence_transformers.SentenceTransformer - INFO - [SentenceTransformer.py:227] - Load pretrained SentenceTransformer: all-MiniLM-L6-v2
2025-08-28 21:47:34,855 - modules.jd_matcher - WARNING - [jd_matcher.py:44] - Could not load sentence-transformers model: [Errno 2] No such file or directory: 'C:\\Users\\sreev\\.cache\\huggingface\\hub\\models--sentence-transformers--all-MiniLM-L6-v2\\snapshots\\c9745ed1d9f207416be6d2e6f8de32d1f16199bf\\.\\config_sentence_transformers.json'. Falling back to enhanced keyword matching. You can ignore this if you only need basic functionality.
2025-08-28 21:56:35,441 - sentence_transformers.SentenceTransformer - INFO - [SentenceTransformer.py:227] - Load pretrained SentenceTransformer: all-MiniLM-L6-v2
2025-08-28 21:56:36,113 - modules.jd_matcher - WARNING - [jd_matcher.py:44] - Could not load sentence-transformers model: [Errno 2] No such file or directory: 'C:\\Users\\sreev\\.cache\\huggingface\\hub\\models--sentence-transformers--all-MiniLM-L6-v2\\snapshots\\c9745ed1d9f207416be6d2e6f8de32d1f16199bf\\.\\config_sentence_transformers.json'. Falling back to enhanced keyword matching. You can ignore this if you only need basic functionality.
2025-08-28 22:00:16,421 - sentence_transformers.SentenceTransformer - INFO - [SentenceTransformer.py:227] - Load pretrained SentenceTransformer: all-MiniLM-L6-v2
2025-08-28 22:00:17,069 - modules.jd_matcher - WARNING - [jd_matcher.py:44] - Could not load sentence-transformers model: [Errno 2] No such file or directory: 'C:\\Users\\sreev\\.cache\\huggingface\\hub\\models--sentence-transformers--all-MiniLM-L6-v2\\snapshots\\c9745ed1d9f207416be6d2e6f8de32d1f16199bf\\.\\config_sentence_transformers.json'. Falling back to enhanced keyword matching. You can ignore this if you only need basic functionality.
2025-08-28 22:01:34,712 - sentence_transformers.SentenceTransformer - INFO - [SentenceTransformer.py:227] - Load pretrained SentenceTransformer: all-MiniLM-L6-v2
2025-08-28 22:01:35,428 - modules.jd_matcher - WARNING - [jd_matcher.py:44] - Could not load sentence-transformers model: [Errno 2] No such file or directory: 'C:\\Users\\sreev\\.cache\\huggingface\\hub\\models--sentence-transformers--all-MiniLM-L6-v2\\snapshots\\c9745ed1d9f207416be6d2e6f8de32d1f16199bf\\.\\config_sentence_transformers.json'. Falling back to enhanced keyword matching. You can ignore this if you only need basic functionality.
2025-08-28 22:03:06,712 - resume_parser - INFO - [resume_parser.py:257] - Successfully extracted metadata: ResumeMetadata(file_type=<FileType.PDF: 1>, file_size=124854, creation_date=None, modification_date=None, author=None, title=None, subject=None, keywords=None, page_count=1, language=None)
2025-08-28 22:03:06,725 - resume_parser - WARNING - [resume_parser.py:479] - PyMuPDF extracted empty text, trying next method...
2025-08-28 22:03:07,615 - resume_parser - WARNING - [resume_parser.py:594] - OCR on page 1 failed: Failed to extract text with OCR: tesseract is not installed or it's not in your PATH. See README file for more information.
2025-08-28 22:03:07,633 - resume_parser - WARNING - [resume_parser.py:640] - OCR via pdf2image failed: Unable to get page count. Is poppler installed and in PATH?. Is poppler installed and in PATH? You can set POPPLER_PATH env var to the bin folder.
2025-08-28 22:03:07,634 - resume_parser - WARNING - [resume_parser.py:644] - OCR via pdf2image failed: Unable to get page count. Is poppler installed and in PATH?. Is poppler installed and in PATH? You can set POPPLER_PATH env var to the bin folder.
2025-08-28 22:03:07,636 - resume_parser - WARNING - [resume_parser.py:648] - No text could be extracted from the PDF with available methods
2025-08-28 22:06:01,493 - sentence_transformers.SentenceTransformer - INFO - [SentenceTransformer.py:227] - Load pretrained SentenceTransformer: all-MiniLM-L6-v2
2025-08-28 22:06:02,183 - modules.jd_matcher - WARNING - [jd_matcher.py:44] - Could not load sentence-transformers model: [Errno 2] No such file or directory: 'C:\\Users\\sreev\\.cache\\huggingface\\hub\\models--sentence-transformers--all-MiniLM-L6-v2\\snapshots\\c9745ed1d9f207416be6d2e6f8de32d1f16199bf\\.\\config_sentence_transformers.json'. Falling back to enhanced keyword matching. You can ignore this if you only need basic functionality.
2025-08-28 22:06:16,703 - resume_parser - INFO - [resume_parser.py:257] - Successfully extracted metadata: ResumeMetadata(file_type=<FileType.PDF: 1>, file_size=124854, creation_date=None, modification_date=None, author=None, title=None, subject=None, keywords=None, page_count=1, language=None)
2025-08-28 22:06:16,708 - resume_parser - WARNING - [resume_parser.py:479] - PyMuPDF extracted empty text, trying next method...
2025-08-28 22:06:17,440 - resume_parser - WARNING - [resume_parser.py:594] - OCR on page 1 failed: Failed to extract text with OCR: tesseract is not installed or it's not in your PATH. See README file for more information.
2025-08-28 22:06:17,467 - resume_parser - WARNING - [resume_parser.py:640] - OCR via pdf2image failed: Unable to get page count. Is poppler installed and in PATH?. Is poppler installed and in PATH? You can set POPPLER_PATH env var to the bin folder.
2025-08-28 22:06:17,476 - resume_parser - WARNING - [resume_parser.py:644] - OCR via pdf2image failed: Unable to get page count. Is poppler installed and in PATH?. Is poppler installed and in PATH? You can set POPPLER_PATH env var to the bin folder.
2025-08-28 22:06:17,477 - resume_parser - WARNING - [resume_parser.py:648] - No text could be extracted from the PDF with available methods
2025-08-28 22:08:13,095 - sentence_transformers.SentenceTransformer - INFO - [SentenceTransformer.py:227] - Load pretrained SentenceTransformer: all-MiniLM-L6-v2
2025-08-28 22:08:13,790 - modules.jd_matcher - WARNING - [jd_matcher.py:44] - Could not load sentence-transformers model: [Errno 2] No such file or directory: 'C:\\Users\\sreev\\.cache\\huggingface\\hub\\models--sentence-transformers--all-MiniLM-L6-v2\\snapshots\\c9745ed1d9f207416be6d2e6f8de32d1f16199bf\\.\\config_sentence_transformers.json'. Falling back to enhanced keyword matching. You can ignore this if you only need basic functionality.
2025-08-28 22:08:30,394 - resume_parser - INFO - [resume_parser.py:257] - Successfully extracted metadata: ResumeMetadata(file_type=<FileType.PDF: 1>, file_size=124854, creation_date=None, modification_date=None, author=None, title=None, subject=None, keywords=None, page_count=1, language=None)
2025-08-28 22:08:30,406 - resume_parser - WARNING - [resume_parser.py:479] - PyMuPDF extracted empty text, trying next method...
2025-08-28 22:08:32,468 - resume_parser - WARNING - [resume_parser.py:594] - OCR on page 1 failed: Failed to extract text with OCR: tesseract is not installed or it's not in your PATH. See README file for more information.
2025-08-28 22:08:32,536 - resume_parser - WARNING - [resume_parser.py:640] - OCR via pdf2image failed: Unable to get page count. Is poppler installed and in PATH?. Is poppler installed and in PATH? You can set POPPLER_PATH env var to the bin folder.
2025-08-28 22:08:32,544 - resume_parser - WARNING - [resume_parser.py:644] - OCR via pdf2image failed: Unable to get page count. Is poppler installed and in PATH?. Is poppler installed and in PATH? You can set POPPLER_PATH env var to the bin folder.
2025-08-28 22:08:32,554 - resume_parser - WARNING - [resume_parser.py:648] - No text could be extracted from the PDF with available methods
2025-08-28 22:13:00,260 - sentence_transformers.SentenceTransformer - INFO - [SentenceTransformer.py:227] - Load pretrained SentenceTransformer: all-MiniLM-L6-v2
2025-08-28 22:13:01,039 - modules.jd_matcher - WARNING - [jd_matcher.py:44] - Could not load sentence-transformers model: [Errno 2] No such file or directory: 'C:\\Users\\sreev\\.cache\\huggingface\\hub\\models--sentence-transformers--all-MiniLM-L6-v2\\snapshots\\c9745ed1d9f207416be6d2e6f8de32d1f16199bf\\.\\config_sentence_transformers.json'. Falling back to enhanced keyword matching. You can ignore this if you only need basic functionality.
2025-08-28 22:13:19,846 - resume_parser - INFO - [resume_parser.py:257] - Successfully extracted metadata: ResumeMetadata(file_type=<FileType.PDF: 1>, file_size=48932, creation_date=None, modification_date=None, author='Sree', title='Science and Engineering Resume in White Black Simple Style', subject=None, keywords=['DAGxF_qCYVQ', 'BAETIgQOvOw', '0'], page_count=1, language=None)
2025-08-28 22:13:19,977 - resume_parser - INFO - [resume_parser.py:476] - Successfully extracted text using PyMuPDF
2025-08-28 22:13:21,255 - modules.career_suggestions - INFO - [career_suggestions.py:421] - Extracted 0 unique skills from resume
2025-08-28 22:13:21,383 - modules.interview_prep - INFO - [interview_prep.py:206] - Extracted technologies: {}
2025-08-28 22:13:21,443 - modules.blockchain_stub - INFO - [blockchain_stub.py:101] - Mining block 1...
2025-08-28 22:13:21,500 - modules.blockchain_stub - INFO - [blockchain_stub.py:106] - Block 1 mined in 0.04 seconds. Hash: 00cfa70b099b4969af67ccab46f389fd94b86590ad4c4725130a61441042a580
2025-08-28 22:25:19,079 - sentence_transformers.SentenceTransformer - INFO - [SentenceTransformer.py:227] - Load pretrained SentenceTransformer: all-MiniLM-L6-v2
2025-08-28 22:25:20,148 - modules.jd_matcher - WARNING - [jd_matcher.py:44] - Could not load sentence-transformers model: [Errno 2] No such file or directory: 'C:\\Users\\sreev\\.cache\\huggingface\\hub\\models--sentence-transformers--all-MiniLM-L6-v2\\snapshots\\c9745ed1d9f207416be6d2e6f8de32d1f16199bf\\.\\config_sentence_transformers.json'. Falling back to enhanced keyword matching. You can ignore this if you only need basic functionality.
2025-08-28 22:25:46,690 - sentence_transformers.SentenceTransformer - INFO - [SentenceTransformer.py:227] - Load pretrained SentenceTransformer: all-MiniLM-L6-v2
2025-08-28 22:25:47,895 - modules.jd_matcher - WARNING - [jd_matcher.py:44] - Could not load sentence-transformers model: [Errno 2] No such file or directory: 'C:\\Users\\sreev\\.cache\\huggingface\\hub\\models--sentence-transformers--all-MiniLM-L6-v2\\snapshots\\c9745ed1d9f207416be6d2e6f8de32d1f16199bf\\.\\config_sentence_transformers.json'. Falling back to enhanced keyword matching. You can ignore this if you only need basic functionality.
2025-08-28 22:25:48,238 - resume_parser - INFO - [resume_parser.py:257] - Successfully extracted metadata: ResumeMetadata(file_type=<FileType.PDF: 1>, file_size=124854, creation_date=None, modification_date=None, author=None, title=None, subject=None, keywords=None, page_count=1, language=None)
2025-08-28 22:25:48,286 - resume_parser - WARNING - [resume_parser.py:479] - PyMuPDF extracted empty text, trying next method...
2025-08-28 22:25:49,943 - resume_parser - WARNING - [resume_parser.py:594] - OCR on page 1 failed: Failed to extract text with OCR: tesseract is not installed or it's not in your PATH. See README file for more information.
2025-08-28 22:25:50,039 - resume_parser - WARNING - [resume_parser.py:640] - OCR via pdf2image failed: Unable to get page count. Is poppler installed and in PATH?. Is poppler installed and in PATH? You can set POPPLER_PATH env var to the bin folder.
2025-08-28 22:25:50,047 - resume_parser - WARNING - [resume_parser.py:644] - OCR via pdf2image failed: Unable to get page count. Is poppler installed and in PATH?. Is poppler installed and in PATH? You can set POPPLER_PATH env var to the bin folder.
2025-08-28 22:25:50,056 - resume_parser - WARNING - [resume_parser.py:648] - No text could be extracted from the PDF with available methods
2025-08-28 22:28:36,655 - sentence_transformers.SentenceTransformer - INFO - [SentenceTransformer.py:227] - Load pretrained SentenceTransformer: all-MiniLM-L6-v2
2025-08-28 22:28:37,870 - modules.jd_matcher - WARNING - [jd_matcher.py:44] - Could not load sentence-transformers model: [Errno 2] No such file or directory: 'C:\\Users\\sreev\\.cache\\huggingface\\hub\\models--sentence-transformers--all-MiniLM-L6-v2\\snapshots\\c9745ed1d9f207416be6d2e6f8de32d1f16199bf\\.\\config_sentence_transformers.json'. Falling back to enhanced keyword matching. You can ignore this if you only need basic functionality.
2025-08-28 22:28:38,401 - resume_parser - INFO - [resume_parser.py:257] - Successfully extracted metadata: ResumeMetadata(file_type=<FileType.PDF: 1>, file_size=48932, creation_date=None, modification_date=None, author='Sree', title='Science and Engineering Resume in White Black Simple Style', subject=None, keywords=['DAGxF_qCYVQ', 'BAETIgQOvOw', '0'], page_count=1, language=None)
2025-08-28 22:28:38,635 - resume_parser - INFO - [resume_parser.py:476] - Successfully extracted text using PyMuPDF
2025-08-28 22:28:39,938 - modules.career_suggestions - INFO - [career_suggestions.py:421] - Extracted 0 unique skills from resume
2025-08-28 22:28:39,990 - modules.interview_prep - INFO - [interview_prep.py:206] - Extracted technologies: {}
2025-08-28 22:31:24,466 - sentence_transformers.SentenceTransformer - INFO - [SentenceTransformer.py:227] - Load pretrained SentenceTransformer: all-MiniLM-L6-v2
2025-08-28 22:31:25,652 - modules.jd_matcher - WARNING - [jd_matcher.py:44] - Could not load sentence-transformers model: [Errno 2] No such file or directory: 'C:\\Users\\sreev\\.cache\\huggingface\\hub\\models--sentence-transformers--all-MiniLM-L6-v2\\snapshots\\c9745ed1d9f207416be6d2e6f8de32d1f16199bf\\.\\config_sentence_transformers.json'. Falling back to enhanced keyword matching. You can ignore this if you only need basic functionality.
2025-08-28 22:31:43,068 - resume_parser - INFO - [resume_parser.py:257] - Successfully extracted metadata: ResumeMetadata(file_type=<FileType.PDF: 1>, file_size=48932, creation_date=None, modification_date=None, author='Sree', title='Science and Engineering Resume in White Black Simple Style', subject=None, keywords=['DAGxF_qCYVQ', 'BAETIgQOvOw', '0'], page_count=1, language=None)
2025-08-28 22:31:43,252 - resume_parser - INFO - [resume_parser.py:476] - Successfully extracted text using PyMuPDF
2025-08-28 22:31:44,581 - modules.career_suggestions - INFO - [career_suggestions.py:421] - Extracted 0 unique skills from resume
2025-08-28 22:31:44,686 - modules.interview_prep - INFO - [interview_prep.py:206] - Extracted technologies: {}
2025-08-28 22:32:29,691 - sentence_transformers.SentenceTransformer - INFO - [SentenceTransformer.py:227] - Load pretrained SentenceTransformer: all-MiniLM-L6-v2
2025-08-28 22:32:30,415 - modules.jd_matcher - WARNING - [jd_matcher.py:44] - Could not load sentence-transformers model: [Errno 2] No such file or directory: 'C:\\Users\\sreev\\.cache\\huggingface\\hub\\models--sentence-transformers--all-MiniLM-L6-v2\\snapshots\\c9745ed1d9f207416be6d2e6f8de32d1f16199bf\\.\\config_sentence_transformers.json'. Falling back to enhanced keyword matching. You can ignore this if you only need basic functionality.
2025-08-28 22:32:47,872 - resume_parser - INFO - [resume_parser.py:257] - Successfully extracted metadata: ResumeMetadata(file_type=<FileType.PDF: 1>, file_size=124854, creation_date=None, modification_date=None, author=None, title=None, subject=None, keywords=None, page_count=1, language=None)
2025-08-28 22:32:47,878 - resume_parser - WARNING - [resume_parser.py:479] - PyMuPDF extracted empty text, trying next method...
2025-08-28 22:32:49,814 - resume_parser - WARNING - [resume_parser.py:594] - OCR on page 1 failed: Failed to extract text with OCR: tesseract is not installed or it's not in your PATH. See README file for more information.
2025-08-28 22:32:49,896 - resume_parser - WARNING - [resume_parser.py:640] - OCR via pdf2image failed: Unable to get page count. Is poppler installed and in PATH?. Is poppler installed and in PATH? You can set POPPLER_PATH env var to the bin folder.
2025-08-28 22:32:49,914 - resume_parser - WARNING - [resume_parser.py:644] - OCR via pdf2image failed: Unable to get page count. Is poppler installed and in PATH?. Is poppler installed and in PATH? You can set POPPLER_PATH env var to the bin folder.
2025-08-28 22:32:49,968 - resume_parser - WARNING - [resume_parser.py:648] - No text could be extracted from the PDF with available methods
2025-08-28 22:35:23,270 - sentence_transformers.SentenceTransformer - INFO - [SentenceTransformer.py:227] - Load pretrained SentenceTransformer: all-MiniLM-L6-v2
2025-08-28 22:35:24,185 - modules.jd_matcher - WARNING - [jd_matcher.py:44] - Could not load sentence-transformers model: [Errno 2] No such file or directory: 'C:\\Users\\sreev\\.cache\\huggingface\\hub\\models--sentence-transformers--all-MiniLM-L6-v2\\snapshots\\c9745ed1d9f207416be6d2e6f8de32d1f16199bf\\.\\config_sentence_transformers.json'. Falling back to enhanced keyword matching. You can ignore this if you only need basic functionality.
2025-08-28 22:35:42,358 - resume_parser - INFO - [resume_parser.py:257] - Successfully extracted metadata: ResumeMetadata(file_type=<FileType.PDF: 1>, file_size=124854, creation_date=None, modification_date=None, author=None, title=None, subject=None, keywords=None, page_count=1, language=None)
2025-08-28 22:35:42,364 - resume_parser - WARNING - [resume_parser.py:479] - PyMuPDF extracted empty text, trying next method...
2025-08-28 22:35:43,802 - resume_parser - WARNING - [resume_parser.py:594] - OCR on page 1 failed: Failed to extract text with OCR: tesseract is not installed or it's not in your PATH. See README file for more information.
2025-08-28 22:35:43,933 - resume_parser - WARNING - [resume_parser.py:640] - OCR via pdf2image failed: Unable to get page count. Is poppler installed and in PATH?. Is poppler installed and in PATH? You can set POPPLER_PATH env var to the bin folder.
2025-08-28 22:35:43,948 - resume_parser - WARNING - [resume_parser.py:644] - OCR via pdf2image failed: Unable to get page count. Is poppler installed and in PATH?. Is poppler installed and in PATH? You can set POPPLER_PATH env var to the bin folder.
2025-08-28 22:35:43,976 - resume_parser - WARNING - [resume_parser.py:648] - No text could be extracted from the PDF with available methods
2025-08-28 22:35:44,062 - modules.resume_analyzer - ERROR - [resume_analyzer.py:400] - Error analyzing resume: 'list' object has no attribute 'get'
2025-08-28 22:35:44,506 - modules.career_suggestions - INFO - [career_suggestions.py:421] - Extracted 3 unique skills from resume
2025-08-28 22:35:44,612 - modules.interview_prep - INFO - [interview_prep.py:206] - Extracted technologies: {'programming_languages': ['javascript', 'python']}
2025-08-28 22:41:45,770 - resume_parser - INFO - [resume_parser.py:257] - Successfully extracted metadata: ResumeMetadata(file_type=<FileType.PDF: 1>, file_size=48932, creation_date=None, modification_date=None, author='Sree', title='Science and Engineering Resume in White Black Simple Style', subject=None, keywords=['DAGxF_qCYVQ', 'BAETIgQOvOw', '0'], page_count=1, language=None)
2025-08-28 22:41:45,984 - resume_parser - INFO - [resume_parser.py:476] - Successfully extracted text using PyMuPDF
2025-08-28 22:41:46,290 - modules.career_suggestions - INFO - [career_suggestions.py:421] - Extracted 0 unique skills from resume
2025-08-28 22:41:46,432 - modules.interview_prep - INFO - [interview_prep.py:206] - Extracted technologies: {}
2025-08-28 22:43:01,669 - resume_parser - INFO - [resume_parser.py:257] - Successfully extracted metadata: ResumeMetadata(file_type=<FileType.PDF: 1>, file_size=124854, creation_date=None, modification_date=None, author=None, title=None, subject=None, keywords=None, page_count=1, language=None)
2025-08-28 22:43:01,764 - resume_parser - WARNING - [resume_parser.py:479] - PyMuPDF extracted empty text, trying next method...
2025-08-28 22:43:07,232 - resume_parser - WARNING - [resume_parser.py:594] - OCR on page 1 failed: Failed to extract text with OCR: tesseract is not installed or it's not in your PATH. See README file for more information.
2025-08-28 22:43:07,308 - resume_parser - WARNING - [resume_parser.py:640] - OCR via pdf2image failed: Unable to get page count. Is poppler installed and in PATH?. Is poppler installed and in PATH? You can set POPPLER_PATH env var to the bin folder.
2025-08-28 22:43:07,317 - resume_parser - WARNING - [resume_parser.py:644] - OCR via pdf2image failed: Unable to get page count. Is poppler installed and in PATH?. Is poppler installed and in PATH? You can set POPPLER_PATH env var to the bin folder.
2025-08-28 22:43:07,328 - resume_parser - WARNING - [resume_parser.py:648] - No text could be extracted from the PDF with available methods
2025-08-28 22:43:07,398 - modules.resume_analyzer - ERROR - [resume_analyzer.py:400] - Error analyzing resume: 'list' object has no attribute 'get'
2025-08-28 22:43:08,734 - modules.career_suggestions - INFO - [career_suggestions.py:421] - Extracted 3 unique skills from resume
2025-08-28 22:43:08,823 - modules.interview_prep - INFO - [interview_prep.py:206] - Extracted technologies: {'programming_languages': ['javascript', 'python']}
2025-08-28 22:45:55,973 - resume_parser - INFO - [resume_parser.py:257] - Successfully extracted metadata: ResumeMetadata(file_type=<FileType.PDF: 1>, file_size=124854, creation_date=None, modification_date=None, author=None, title=None, subject=None, keywords=None, page_count=1, language=None)
2025-08-28 22:45:55,978 - resume_parser - WARNING - [resume_parser.py:479] - PyMuPDF extracted empty text, trying next method...
2025-08-28 22:45:57,390 - resume_parser - WARNING - [resume_parser.py:594] - OCR on page 1 failed: Failed to extract text with OCR: tesseract is not installed or it's not in your PATH. See README file for more information.
2025-08-28 22:45:57,417 - resume_parser - WARNING - [resume_parser.py:640] - OCR via pdf2image failed: Unable to get page count. Is poppler installed and in PATH?. Is poppler installed and in PATH? You can set POPPLER_PATH env var to the bin folder.
2025-08-28 22:45:57,422 - resume_parser - WARNING - [resume_parser.py:644] - OCR via pdf2image failed: Unable to get page count. Is poppler installed and in PATH?. Is poppler installed and in PATH? You can set POPPLER_PATH env var to the bin folder.
2025-08-28 22:45:57,422 - resume_parser - WARNING - [resume_parser.py:648] - No text could be extracted from the PDF with available methods
2025-08-28 22:45:57,457 - modules.resume_analyzer - ERROR - [resume_analyzer.py:400] - Error analyzing resume: 'list' object has no attribute 'get'
2025-08-28 22:45:57,869 - modules.jd_matcher - ERROR - [jd_matcher.py:453] - Error matching resume to job description: name 'feedback' is not defined
2025-08-28 22:45:57,945 - modules.career_suggestions - INFO - [career_suggestions.py:421] - Extracted 3 unique skills from resume
2025-08-28 22:45:58,011 - modules.interview_prep - INFO - [interview_prep.py:206] - Extracted technologies: {'programming_languages': ['javascript', 'python']}
2025-08-28 22:46:05,660 - resume_parser - INFO - [resume_parser.py:257] - Successfully extracted metadata: ResumeMetadata(file_type=<FileType.PDF: 1>, file_size=124854, creation_date=None, modification_date=None, author=None, title=None, subject=None, keywords=None, page_count=1, language=None)
2025-08-28 22:46:05,855 - resume_parser - WARNING - [resume_parser.py:479] - PyMuPDF extracted empty text, trying next method...
2025-08-28 22:46:08,651 - resume_parser - WARNING - [resume_parser.py:594] - OCR on page 1 failed: Failed to extract text with OCR: tesseract is not installed or it's not in your PATH. See README file for more information.
2025-08-28 22:46:08,745 - resume_parser - WARNING - [resume_parser.py:640] - OCR via pdf2image failed: Unable to get page count. Is poppler installed and in PATH?. Is poppler installed and in PATH? You can set POPPLER_PATH env var to the bin folder.
2025-08-28 22:46:08,759 - resume_parser - WARNING - [resume_parser.py:644] - OCR via pdf2image failed: Unable to get page count. Is poppler installed and in PATH?. Is poppler installed and in PATH? You can set POPPLER_PATH env var to the bin folder.
2025-08-28 22:46:08,774 - resume_parser - WARNING - [resume_parser.py:648] - No text could be extracted from the PDF with available methods
2025-08-28 22:46:08,847 - modules.resume_analyzer - ERROR - [resume_analyzer.py:400] - Error analyzing resume: 'list' object has no attribute 'get'
2025-08-28 22:46:09,308 - modules.jd_matcher - ERROR - [jd_matcher.py:453] - Error matching resume to job description: name 'feedback' is not defined
2025-08-28 22:46:09,330 - modules.career_suggestions - INFO - [career_suggestions.py:421] - Extracted 3 unique skills from resume
2025-08-28 22:46:09,356 - modules.interview_prep - INFO - [interview_prep.py:206] - Extracted technologies: {'programming_languages': ['javascript', 'python']}
2025-08-28 22:51:27,100 - resume_parser - INFO - [resume_parser.py:257] - Successfully extracted metadata: ResumeMetadata(file_type=<FileType.PDF: 1>, file_size=124854, creation_date=None, modification_date=None, author=None, title=None, subject=None, keywords=None, page_count=1, language=None)
2025-08-28 22:51:27,244 - resume_parser - WARNING - [resume_parser.py:479] - PyMuPDF extracted empty text, trying next method...
2025-08-28 22:51:29,899 - resume_parser - INFO - [resume_parser.py:257] - Successfully extracted metadata: ResumeMetadata(file_type=<FileType.PDF: 1>, file_size=124854, creation_date=None, modification_date=None, author=None, title=None, subject=None, keywords=None, page_count=1, language=None)
2025-08-28 22:51:30,219 - resume_parser - WARNING - [resume_parser.py:479] - PyMuPDF extracted empty text, trying next method...
2025-08-28 22:51:33,666 - resume_parser - WARNING - [resume_parser.py:594] - OCR on page 1 failed: Failed to extract text with OCR: tesseract is not installed or it's not in your PATH. See README file for more information.
2025-08-28 22:51:33,927 - resume_parser - WARNING - [resume_parser.py:640] - OCR via pdf2image failed: Unable to get page count. Is poppler installed and in PATH?. Is poppler installed and in PATH? You can set POPPLER_PATH env var to the bin folder.
2025-08-28 22:51:33,966 - resume_parser - WARNING - [resume_parser.py:644] - OCR via pdf2image failed: Unable to get page count. Is poppler installed and in PATH?. Is poppler installed and in PATH? You can set POPPLER_PATH env var to the bin folder.
2025-08-28 22:51:33,984 - resume_parser - WARNING - [resume_parser.py:648] - No text could be extracted from the PDF with available methods
2025-08-28 22:51:36,604 - resume_parser - WARNING - [resume_parser.py:594] - OCR on page 1 failed: Failed to extract text with OCR: tesseract is not installed or it's not in your PATH. See README file for more information.
2025-08-28 22:51:36,755 - resume_parser - WARNING - [resume_parser.py:640] - OCR via pdf2image failed: Unable to get page count. Is poppler installed and in PATH?. Is poppler installed and in PATH? You can set POPPLER_PATH env var to the bin folder.
2025-08-28 22:51:36,763 - resume_parser - WARNING - [resume_parser.py:644] - OCR via pdf2image failed: Unable to get page count. Is poppler installed and in PATH?. Is poppler installed and in PATH? You can set POPPLER_PATH env var to the bin folder.
2025-08-28 22:51:36,794 - resume_parser - WARNING - [resume_parser.py:648] - No text could be extracted from the PDF with available methods
2025-08-28 22:51:36,924 - modules.resume_analyzer - ERROR - [resume_analyzer.py:400] - Error analyzing resume: 'list' object has no attribute 'get'
2025-08-28 22:51:39,301 - modules.jd_matcher - ERROR - [jd_matcher.py:453] - Error matching resume to job description: name 'feedback' is not defined
2025-08-28 22:51:39,620 - modules.career_suggestions - INFO - [career_suggestions.py:421] - Extracted 3 unique skills from resume
2025-08-28 22:51:39,955 - modules.interview_prep - INFO - [interview_prep.py:206] - Extracted technologies: {'programming_languages': ['javascript', 'python']}
2025-08-28 22:52:03,530 - sentence_transformers.SentenceTransformer - INFO - [SentenceTransformer.py:227] - Load pretrained SentenceTransformer: all-MiniLM-L6-v2
2025-08-28 22:52:07,137 - modules.jd_matcher - WARNING - [jd_matcher.py:44] - Could not load sentence-transformers model: [Errno 2] No such file or directory: 'C:\\Users\\sreev\\.cache\\huggingface\\hub\\models--sentence-transformers--all-MiniLM-L6-v2\\snapshots\\c9745ed1d9f207416be6d2e6f8de32d1f16199bf\\.\\config_sentence_transformers.json'. Falling back to enhanced keyword matching. You can ignore this if you only need basic functionality.
2025-08-28 22:52:08,536 - resume_parser - INFO - [resume_parser.py:257] - Successfully extracted metadata: ResumeMetadata(file_type=<FileType.PDF: 1>, file_size=124854, creation_date=None, modification_date=None, author=None, title=None, subject=None, keywords=None, page_count=1, language=None)
2025-08-28 22:52:08,559 - resume_parser - WARNING - [resume_parser.py:479] - PyMuPDF extracted empty text, trying next method...
2025-08-28 22:52:10,679 - resume_parser - WARNING - [resume_parser.py:594] - OCR on page 1 failed: Failed to extract text with OCR: tesseract is not installed or it's not in your PATH. See README file for more information.
2025-08-28 22:52:10,719 - resume_parser - WARNING - [resume_parser.py:640] - OCR via pdf2image failed: Unable to get page count. Is poppler installed and in PATH?. Is poppler installed and in PATH? You can set POPPLER_PATH env var to the bin folder.
2025-08-28 22:52:10,725 - resume_parser - WARNING - [resume_parser.py:644] - OCR via pdf2image failed: Unable to get page count. Is poppler installed and in PATH?. Is poppler installed and in PATH? You can set POPPLER_PATH env var to the bin folder.
2025-08-28 22:52:10,733 - resume_parser - WARNING - [resume_parser.py:648] - No text could be extracted from the PDF with available methods
2025-08-28 22:52:10,749 - modules.resume_analyzer - ERROR - [resume_analyzer.py:400] - Error analyzing resume: 'list' object has no attribute 'get'
2025-08-28 22:52:11,328 - modules.jd_matcher - ERROR - [jd_matcher.py:453] - Error matching resume to job description: name 'feedback' is not defined
2025-08-28 22:52:11,654 - modules.career_suggestions - INFO - [career_suggestions.py:421] - Extracted 6 unique skills from resume
2025-08-28 22:52:11,738 - modules.interview_prep - INFO - [interview_prep.py:206] - Extracted technologies: {'programming_languages': ['javascript', 'python'], 'frameworks': ['react'], 'cloud_platforms': ['aws']}
2025-08-28 22:54:05,075 - resume_parser - INFO - [resume_parser.py:257] - Successfully extracted metadata: ResumeMetadata(file_type=<FileType.PDF: 1>, file_size=124854, creation_date=None, modification_date=None, author=None, title=None, subject=None, keywords=None, page_count=1, language=None)
2025-08-28 22:54:05,107 - resume_parser - WARNING - [resume_parser.py:479] - PyMuPDF extracted empty text, trying next method...
2025-08-28 22:54:08,713 - resume_parser - WARNING - [resume_parser.py:594] - OCR on page 1 failed: Failed to extract text with OCR: tesseract is not installed or it's not in your PATH. See README file for more information.
2025-08-28 22:54:08,898 - resume_parser - WARNING - [resume_parser.py:640] - OCR via pdf2image failed: Unable to get page count. Is poppler installed and in PATH?. Is poppler installed and in PATH? You can set POPPLER_PATH env var to the bin folder.
2025-08-28 22:54:08,927 - resume_parser - WARNING - [resume_parser.py:644] - OCR via pdf2image failed: Unable to get page count. Is poppler installed and in PATH?. Is poppler installed and in PATH? You can set POPPLER_PATH env var to the bin folder.
2025-08-28 22:54:08,968 - resume_parser - WARNING - [resume_parser.py:648] - No text could be extracted from the PDF with available methods
2025-08-28 22:54:09,075 - modules.resume_analyzer - ERROR - [resume_analyzer.py:400] - Error analyzing resume: 'list' object has no attribute 'get'
2025-08-28 22:54:09,639 - modules.career_suggestions - INFO - [career_suggestions.py:421] - Extracted 6 unique skills from resume
2025-08-28 22:54:09,816 - modules.interview_prep - INFO - [interview_prep.py:206] - Extracted technologies: {'programming_languages': ['javascript', 'python'], 'frameworks': ['react'], 'cloud_platforms': ['aws']}
2025-08-28 22:54:49,484 - resume_parser - INFO - [resume_parser.py:257] - Successfully extracted metadata: ResumeMetadata(file_type=<FileType.PDF: 1>, file_size=48932, creation_date=None, modification_date=None, author='Sree', title='Science and Engineering Resume in White Black Simple Style', subject=None, keywords=['DAGxF_qCYVQ', 'BAETIgQOvOw', '0'], page_count=1, language=None)
2025-08-28 22:54:49,559 - resume_parser - INFO - [resume_parser.py:476] - Successfully extracted text using PyMuPDF
2025-08-28 22:54:49,892 - modules.career_suggestions - INFO - [career_suggestions.py:421] - Extracted 0 unique skills from resume
2025-08-28 22:54:50,344 - modules.interview_prep - INFO - [interview_prep.py:206] - Extracted technologies: {}
2025-08-28 22:59:48,441 - resume_parser - INFO - [resume_parser.py:257] - Successfully extracted metadata: ResumeMetadata(file_type=<FileType.PDF: 1>, file_size=48932, creation_date=None, modification_date=None, author='Sree', title='Science and Engineering Resume in White Black Simple Style', subject=None, keywords=['DAGxF_qCYVQ', 'BAETIgQOvOw', '0'], page_count=1, language=None)
2025-08-28 22:59:48,568 - resume_parser - INFO - [resume_parser.py:476] - Successfully extracted text using PyMuPDF
2025-08-28 22:59:49,014 - modules.career_suggestions - INFO - [career_suggestions.py:421] - Extracted 0 unique skills from resume
2025-08-28 22:59:49,127 - modules.interview_prep - INFO - [interview_prep.py:206] - Extracted technologies: {}
2025-08-28 23:00:41,320 - resume_parser - INFO - [resume_parser.py:257] - Successfully extracted metadata: ResumeMetadata(file_type=<FileType.PDF: 1>, file_size=124854, creation_date=None, modification_date=None, author=None, title=None, subject=None, keywords=None, page_count=1, language=None)
2025-08-28 23:00:41,331 - resume_parser - WARNING - [resume_parser.py:479] - PyMuPDF extracted empty text, trying next method...
2025-08-28 23:00:43,895 - resume_parser - WARNING - [resume_parser.py:594] - OCR on page 1 failed: Failed to extract text with OCR: tesseract is not installed or it's not in your PATH. See README file for more information.
2025-08-28 23:00:44,026 - resume_parser - WARNING - [resume_parser.py:640] - OCR via pdf2image failed: Unable to get page count. Is poppler installed and in PATH?. Is poppler installed and in PATH? You can set POPPLER_PATH env var to the bin folder.
2025-08-28 23:00:44,041 - resume_parser - WARNING - [resume_parser.py:644] - OCR via pdf2image failed: Unable to get page count. Is poppler installed and in PATH?. Is poppler installed and in PATH? You can set POPPLER_PATH env var to the bin folder.
2025-08-28 23:00:44,085 - resume_parser - WARNING - [resume_parser.py:648] - No text could be extracted from the PDF with available methods
2025-08-28 23:00:44,131 - modules.resume_analyzer - ERROR - [resume_analyzer.py:400] - Error analyzing resume: 'list' object has no attribute 'get'
2025-08-28 23:00:44,563 - modules.career_suggestions - INFO - [career_suggestions.py:421] - Extracted 6 unique skills from resume
2025-08-28 23:00:44,700 - modules.interview_prep - INFO - [interview_prep.py:206] - Extracted technologies: {'programming_languages': ['javascript', 'python'], 'frameworks': ['react'], 'cloud_platforms': ['aws']}
2025-08-28 23:05:50,640 - resume_parser - INFO - [resume_parser.py:257] - Successfully extracted metadata: ResumeMetadata(file_type=<FileType.PDF: 1>, file_size=48932, creation_date=None, modification_date=None, author='Sree', title='Science and Engineering Resume in White Black Simple Style', subject=None, keywords=['DAGxF_qCYVQ', 'BAETIgQOvOw', '0'], page_count=1, language=None)
2025-08-28 23:05:50,674 - resume_parser - INFO - [resume_parser.py:476] - Successfully extracted text using PyMuPDF
2025-08-28 23:05:50,792 - modules.career_suggestions - INFO - [career_suggestions.py:421] - Extracted 0 unique skills from resume
2025-08-28 23:05:50,814 - modules.interview_prep - INFO - [interview_prep.py:206] - Extracted technologies: {}
2025-08-28 23:08:10,282 - resume_parser - INFO - [resume_parser.py:257] - Successfully extracted metadata: ResumeMetadata(file_type=<FileType.PDF: 1>, file_size=48932, creation_date=None, modification_date=None, author='Sree', title='Science and Engineering Resume in White Black Simple Style', subject=None, keywords=['DAGxF_qCYVQ', 'BAETIgQOvOw', '0'], page_count=1, language=None)
2025-08-28 23:08:10,383 - resume_parser - INFO - [resume_parser.py:476] - Successfully extracted text using PyMuPDF
2025-08-28 23:08:10,606 - modules.career_suggestions - INFO - [career_suggestions.py:421] - Extracted 0 unique skills from resume
2025-08-28 23:08:10,643 - modules.interview_prep - INFO - [interview_prep.py:206] - Extracted technologies: {}
2025-08-28 23:14:17,006 - resume_parser - INFO - [resume_parser.py:257] - Successfully extracted metadata: ResumeMetadata(file_type=<FileType.PDF: 1>, file_size=48932, creation_date=None, modification_date=None, author='Sree', title='Science and Engineering Resume in White Black Simple Style', subject=None, keywords=['DAGxF_qCYVQ', 'BAETIgQOvOw', '0'], page_count=1, language=None)
2025-08-28 23:14:17,405 - resume_parser - INFO - [resume_parser.py:476] - Successfully extracted text using PyMuPDF
2025-08-28 23:14:18,945 - modules.career_suggestions - INFO - [career_suggestions.py:421] - Extracted 0 unique skills from resume
2025-08-28 23:14:19,141 - modules.interview_prep - INFO - [interview_prep.py:206] - Extracted technologies: {}
